# JRE version: OpenJDK Runtime Environment Zulu21.34+19-CA (21.0.3+9) (build 21.0.3+9-LTS)
# Java VM: OpenJDK 64-Bit Server VM Zulu21.34+19-CA (21.0.3+9-LTS, mixed mode, sharing, tiered, compressed oops, compressed class ptrs, g1 gc, windows-amd64)
GC Precious Log:
 CardTable entry size: 512
 Card Set container configuration: InlinePtr #cards 5 size 8 Array Of Cards #cards 12 size 40 Howl #buckets 4 coarsen threshold 1843 Howl Bitmap #cards 512 size 80 coarsen threshold 460 Card regions per heap region 1 cards per card region 2048
 CPUs: 4 total, 4 available
 Memory: 3831M
 Large Page Support: Disabled
 NUMA Support: Disabled
 Compressed Oops: Enabled (32-bit)
 Heap Region Size: 1M
 Heap Min Capacity: 8M
 Heap Initial Capacity: 60M
 Heap Max Capacity: 958M
 Pre-touch: Disabled
 Parallel Workers: 4
 Concurrent Workers: 1
 Concurrent Refinement Workers: 4
 Periodic GC: Disabled
Heap:
 garbage-first heap   total 119808K, used 101889K [0x00000000c4200000, 0x0000000100000000)
  region size 1024K, 38 young (38912K), 4 survivors (4096K)
 Metaspace       used 114546K, committed 115840K, reserved 1179648K
  class space    used 14693K, committed 15296K, reserved 1048576K
GC Heap History (20 events):
Event: 87.417 GC heap before
{Heap before GC invocations=39 (full 0):
 garbage-first heap   total 89088K, used 78008K [0x00000000c4200000, 0x0000000100000000)
  region size 1024K, 35 young (35840K), 5 survivors (5120K)
 Metaspace       used 92660K, committed 93440K, reserved 1179648K
  class space    used 11750K, committed 12160K, reserved 1048576K
}
Event: 87.432 GC heap after
{Heap after GC invocations=40 (full 0):
 garbage-first heap   total 89088K, used 48904K [0x00000000c4200000, 0x0000000100000000)
  region size 1024K, 4 young (4096K), 4 survivors (4096K)
 Metaspace       used 92660K, committed 93440K, reserved 1179648K
  class space    used 11750K, committed 12160K, reserved 1048576K
}
Event: 88.689 GC heap before
{Heap before GC invocations=41 (full 0):
 garbage-first heap   total 89088K, used 79624K [0x00000000c4200000, 0x0000000100000000)
  region size 1024K, 34 young (34816K), 4 survivors (4096K)
 Metaspace       used 93839K, committed 94720K, reserved 1179648K
  class space    used 11923K, committed 12352K, reserved 1048576K
}
Event: 88.709 GC heap after
{Heap after GC invocations=42 (full 0):
 garbage-first heap   total 89088K, used 50674K [0x00000000c4200000, 0x0000000100000000)
  region size 1024K, 4 young (4096K), 4 survivors (4096K)
 Metaspace       used 93839K, committed 94720K, reserved 1179648K
  class space    used 11923K, committed 12352K, reserved 1048576K
}
Event: 89.919 GC heap before
{Heap before GC invocations=42 (full 0):
 garbage-first heap   total 89088K, used 79346K [0x00000000c4200000, 0x0000000100000000)
  region size 1024K, 32 young (32768K), 4 survivors (4096K)
 Metaspace       used 95175K, committed 96064K, reserved 1179648K
  class space    used 12130K, committed 12544K, reserved 1048576K
}
Event: 89.937 GC heap after
{Heap after GC invocations=43 (full 0):
 garbage-first heap   total 89088K, used 51933K [0x00000000c4200000, 0x0000000100000000)
  region size 1024K, 4 young (4096K), 4 survivors (4096K)
 Metaspace       used 95175K, committed 96064K, reserved 1179648K
  class space    used 12130K, committed 12544K, reserved 1048576K
}
Event: 90.767 GC heap before
{Heap before GC invocations=43 (full 0):
 garbage-first heap   total 89088K, used 77533K [0x00000000c4200000, 0x0000000100000000)
  region size 1024K, 30 young (30720K), 4 survivors (4096K)
 Metaspace       used 96328K, committed 97152K, reserved 1179648K
  class space    used 12276K, committed 12672K, reserved 1048576K
}
Event: 90.781 GC heap after
{Heap after GC invocations=44 (full 0):
 garbage-first heap   total 89088K, used 54208K [0x00000000c4200000, 0x0000000100000000)
  region size 1024K, 4 young (4096K), 4 survivors (4096K)
 Metaspace       used 96328K, committed 97152K, reserved 1179648K
  class space    used 12276K, committed 12672K, reserved 1048576K
}
Event: 92.179 GC heap before
{Heap before GC invocations=45 (full 0):
 garbage-first heap   total 102400K, used 79808K [0x00000000c4200000, 0x0000000100000000)
  region size 1024K, 29 young (29696K), 4 survivors (4096K)
 Metaspace       used 99601K, committed 100544K, reserved 1179648K
  class space    used 12722K, committed 13184K, reserved 1048576K
}
Event: 92.192 GC heap after
{Heap after GC invocations=46 (full 0):
 garbage-first heap   total 102400K, used 56349K [0x00000000c4200000, 0x0000000100000000)
  region size 1024K, 3 young (3072K), 3 survivors (3072K)
 Metaspace       used 99601K, committed 100544K, reserved 1179648K
  class space    used 12722K, committed 13184K, reserved 1048576K
}
Event: 93.526 GC heap before
{Heap before GC invocations=46 (full 0):
 garbage-first heap   total 102400K, used 90141K [0x00000000c4200000, 0x0000000100000000)
  region size 1024K, 36 young (36864K), 3 survivors (3072K)
 Metaspace       used 102760K, committed 103616K, reserved 1179648K
  class space    used 13153K, committed 13568K, reserved 1048576K
}
Event: 93.537 GC heap after
{Heap after GC invocations=47 (full 0):
 garbage-first heap   total 102400K, used 57765K [0x00000000c4200000, 0x0000000100000000)
  region size 1024K, 4 young (4096K), 4 survivors (4096K)
 Metaspace       used 102760K, committed 103616K, reserved 1179648K
  class space    used 13153K, committed 13568K, reserved 1048576K
}
Event: 93.581 GC heap before
{Heap before GC invocations=47 (full 0):
 garbage-first heap   total 102400K, used 58789K [0x00000000c4200000, 0x0000000100000000)
  region size 1024K, 7 young (7168K), 4 survivors (4096K)
 Metaspace       used 102996K, committed 103936K, reserved 1179648K
  class space    used 13166K, committed 13632K, reserved 1048576K
}
Event: 93.590 GC heap after
{Heap after GC invocations=48 (full 0):
 garbage-first heap   total 102400K, used 57973K [0x00000000c4200000, 0x0000000100000000)
  region size 1024K, 2 young (2048K), 2 survivors (2048K)
 Metaspace       used 102996K, committed 103936K, reserved 1179648K
  class space    used 13166K, committed 13632K, reserved 1048576K
}
Event: 99.827 GC heap before
{Heap before GC invocations=49 (full 0):
 garbage-first heap   total 117760K, used 103029K [0x00000000c4200000, 0x0000000100000000)
  region size 1024K, 36 young (36864K), 2 survivors (2048K)
 Metaspace       used 106731K, committed 107648K, reserved 1179648K
  class space    used 13581K, committed 14016K, reserved 1048576K
}
Event: 99.838 GC heap after
{Heap after GC invocations=50 (full 0):
 garbage-first heap   total 117760K, used 60105K [0x00000000c4200000, 0x0000000100000000)
  region size 1024K, 4 young (4096K), 4 survivors (4096K)
 Metaspace       used 106731K, committed 107648K, reserved 1179648K
  class space    used 13581K, committed 14016K, reserved 1048576K
}
Event: 101.369 GC heap before
{Heap before GC invocations=50 (full 0):
 garbage-first heap   total 117760K, used 104137K [0x00000000c4200000, 0x0000000100000000)
  region size 1024K, 47 young (48128K), 4 survivors (4096K)
 Metaspace       used 109794K, committed 111040K, reserved 1179648K
  class space    used 14079K, committed 14656K, reserved 1048576K
}
Event: 101.399 GC heap after
{Heap after GC invocations=51 (full 0):
 garbage-first heap   total 117760K, used 64170K [0x00000000c4200000, 0x0000000100000000)
  region size 1024K, 6 young (6144K), 6 survivors (6144K)
 Metaspace       used 109794K, committed 111040K, reserved 1179648K
  class space    used 14079K, committed 14656K, reserved 1048576K
}
Event: 106.079 GC heap before
{Heap before GC invocations=51 (full 0):
 garbage-first heap   total 117760K, used 104106K [0x00000000c4200000, 0x0000000100000000)
  region size 1024K, 45 young (46080K), 6 survivors (6144K)
 Metaspace       used 111631K, committed 112832K, reserved 1179648K
  class space    used 14319K, committed 14912K, reserved 1048576K
}
Event: 106.099 GC heap after
{Heap after GC invocations=52 (full 0):
 garbage-first heap   total 117760K, used 69121K [0x00000000c4200000, 0x0000000100000000)
  region size 1024K, 4 young (4096K), 4 survivors (4096K)
 Metaspace       used 111631K, committed 112832K, reserved 1179648K
  class space    used 14319K, committed 14912K, reserved 1048576K
}

